<?xml version="1.0" encoding="UTF-8"?>
<!-- Generated by org.testng.reporters.JUnitXMLReporter -->
<testsuite ignored="0" hostname="VibinWorkStation" failures="0" tests="3" name="Home Loan" time="0.005" errors="0" timestamp="2024-04-20T16:16:11 IST">
  <testcase classname="test.day4" name="LoginAPIHomeLoan" time="0.001"/>
  <testcase classname="test.day4" name="MobileLoginHomeLoan" time="0.001"/>
  <testcase classname="test.day4" name="WebLoginHomeLoan" time="0.0"/>
</testsuite> <!-- Home Loan -->
