<?xml version="1.0" encoding="UTF-8"?>
<!-- Generated by org.testng.reporters.JUnitXMLReporter -->
<testsuite ignored="3" hostname="VibinWorkStation" failures="0" tests="9" name="Regression" time="0.062" errors="0" timestamp="2024-04-20T15:49:49 IST">
  <testcase classname="test.day1" name="demo" time="0.007"/>
  <testcase classname="test.day1" name="secondDemo" time="0.002"/>
  <testcase classname="test.day2" name="fourthDemo" time="0.001"/>
  <testcase classname="test.day3" name="APIcarLoan" time="0.0"/>
  <testcase classname="test.day3" name="MobilesignincarLoan" time="0.001"/>
  <testcase classname="test.day3" name="MobilesignoutcarLoan" time="0.001"/>
  <testcase classname="test.day3" name="WebLogincarLoan" time="0.002"/>
  <testcase classname="test.day4" name="LoginAPIHomeLoan" time="0.001"/>
  <testcase classname="test.day4" name="WebLoginHomeLoan" time="0.001"/>
  <testcase classname="test.day3" name="MobileLogincarLoan" time="0.0">
    <ignored/>
  </testcase> <!-- MobileLogincarLoan -->
  <testcase classname="test.day2" name="thirdDemo" time="0.0">
    <ignored/>
  </testcase> <!-- thirdDemo -->
  <testcase classname="test.day4" name="MobileLoginHomeLoan" time="0.0">
    <ignored/>
  </testcase> <!-- MobileLoginHomeLoan -->
</testsuite> <!-- Regression -->
