<?xml version="1.0" encoding="UTF-8"?>
<testng-results ignored="3" total="14" passed="10" failed="1" skipped="0">
  <reporter-output>
  </reporter-output>
  <suite started-at="2024-04-20T17:06:38 IST" name="Loan Department" finished-at="2024-04-20T17:06:38 IST" duration-ms="67">
    <groups>
      <group name="Smoke">
        <method signature="day2.thirdDemo()[pri:0, instance:test.day2@3427b02d]" name="thirdDemo" class="test.day2"/>
        <method signature="day4.MobileLoginHomeLoan()[pri:0, instance:test.day4@647e447]" name="MobileLoginHomeLoan" class="test.day4"/>
        <method signature="day3.MobileLogincarLoan()[pri:0, instance:test.day3@6d763516]" name="MobileLogincarLoan" class="test.day3"/>
      </group> <!-- Smoke -->
    </groups>
    <test started-at="2024-04-20T17:06:38 IST" name="Car Loan" finished-at="2024-04-20T17:06:38 IST" duration-ms="66">
      <class name="test.day3">
        <test-method is-config="true" signature="Bfsuite()[pri:0, instance:test.day3@6d763516]" started-at="2024-04-20T17:06:38 IST" name="Bfsuite" finished-at="2024-04-20T17:06:38 IST" duration-ms="7" status="PASS">
          <reporter-output>
          </reporter-output>
        </test-method> <!-- Bfsuite -->
        <test-method is-config="true" signature="beforeClass()[pri:0, instance:test.day3@6d763516]" started-at="2024-04-20T17:06:38 IST" name="beforeClass" finished-at="2024-04-20T17:06:38 IST" duration-ms="0" status="PASS">
          <reporter-output>
          </reporter-output>
        </test-method> <!-- beforeClass -->
        <test-method is-config="true" signature="beforeMethod()[pri:0, instance:test.day3@6d763516]" started-at="2024-04-20T17:06:38 IST" name="beforeMethod" finished-at="2024-04-20T17:06:38 IST" duration-ms="0" status="PASS">
          <reporter-output>
          </reporter-output>
        </test-method> <!-- beforeMethod -->
        <test-method signature="MobileLogincarLoan()[pri:0, instance:test.day3@6d763516]" started-at="2024-04-20T17:06:38 IST" name="MobileLogincarLoan" finished-at="2024-04-20T17:06:38 IST" duration-ms="3" status="PASS">
          <reporter-output>
          </reporter-output>
        </test-method> <!-- MobileLogincarLoan -->
        <test-method is-config="true" signature="afterMethod()[pri:0, instance:test.day3@6d763516]" started-at="2024-04-20T17:06:38 IST" name="afterMethod" finished-at="2024-04-20T17:06:38 IST" duration-ms="1" status="PASS">
          <reporter-output>
          </reporter-output>
        </test-method> <!-- afterMethod -->
        <test-method is-config="true" signature="beforeMethod()[pri:0, instance:test.day3@6d763516]" started-at="2024-04-20T17:06:38 IST" name="beforeMethod" finished-at="2024-04-20T17:06:38 IST" duration-ms="0" status="PASS">
          <reporter-output>
          </reporter-output>
        </test-method> <!-- beforeMethod -->
        <test-method signature="MobilesignoutcarLoan(java.lang.String,java.lang.String)[pri:0, instance:test.day3@6d763516]" started-at="2024-04-20T17:06:38 IST" name="MobilesignoutcarLoan" data-provider="getData" finished-at="2024-04-20T17:06:38 IST" duration-ms="2" status="PASS">
          <params>
            <param index="0">
              <value>
                <![CDATA[firstName]]>
              </value>
            </param>
            <param index="1">
              <value>
                <![CDATA[firstPassword]]>
              </value>
            </param>
          </params>
          <reporter-output>
          </reporter-output>
        </test-method> <!-- MobilesignoutcarLoan -->
        <test-method is-config="true" signature="afterMethod()[pri:0, instance:test.day3@6d763516]" started-at="2024-04-20T17:06:38 IST" name="afterMethod" finished-at="2024-04-20T17:06:38 IST" duration-ms="0" status="PASS">
          <reporter-output>
          </reporter-output>
        </test-method> <!-- afterMethod -->
        <test-method is-config="true" signature="beforeMethod()[pri:0, instance:test.day3@6d763516]" started-at="2024-04-20T17:06:38 IST" name="beforeMethod" finished-at="2024-04-20T17:06:38 IST" duration-ms="1" status="PASS">
          <reporter-output>
          </reporter-output>
        </test-method> <!-- beforeMethod -->
        <test-method signature="MobilesignoutcarLoan(java.lang.String,java.lang.String)[pri:0, instance:test.day3@6d763516]" started-at="2024-04-20T17:06:38 IST" name="MobilesignoutcarLoan" data-provider="getData" finished-at="2024-04-20T17:06:38 IST" duration-ms="0" status="PASS">
          <params>
            <param index="0">
              <value>
                <![CDATA[secondName]]>
              </value>
            </param>
            <param index="1">
              <value>
                <![CDATA[secondPassword]]>
              </value>
            </param>
          </params>
          <reporter-output>
          </reporter-output>
        </test-method> <!-- MobilesignoutcarLoan -->
        <test-method is-config="true" signature="afterMethod()[pri:0, instance:test.day3@6d763516]" started-at="2024-04-20T17:06:38 IST" name="afterMethod" finished-at="2024-04-20T17:06:38 IST" duration-ms="1" status="PASS">
          <reporter-output>
          </reporter-output>
        </test-method> <!-- afterMethod -->
        <test-method is-config="true" signature="beforeMethod()[pri:0, instance:test.day3@6d763516]" started-at="2024-04-20T17:06:38 IST" name="beforeMethod" finished-at="2024-04-20T17:06:38 IST" duration-ms="1" status="PASS">
          <reporter-output>
          </reporter-output>
        </test-method> <!-- beforeMethod -->
        <test-method signature="MobilesignoutcarLoan(java.lang.String,java.lang.String)[pri:0, instance:test.day3@6d763516]" started-at="2024-04-20T17:06:38 IST" name="MobilesignoutcarLoan" data-provider="getData" finished-at="2024-04-20T17:06:38 IST" duration-ms="1" status="PASS">
          <params>
            <param index="0">
              <value>
                <![CDATA[thirdName]]>
              </value>
            </param>
            <param index="1">
              <value>
                <![CDATA[thirdPassword]]>
              </value>
            </param>
          </params>
          <reporter-output>
          </reporter-output>
        </test-method> <!-- MobilesignoutcarLoan -->
        <test-method is-config="true" signature="afterMethod()[pri:0, instance:test.day3@6d763516]" started-at="2024-04-20T17:06:38 IST" name="afterMethod" finished-at="2024-04-20T17:06:38 IST" duration-ms="0" status="PASS">
          <reporter-output>
          </reporter-output>
        </test-method> <!-- afterMethod -->
        <test-method is-config="true" signature="beforeMethod()[pri:0, instance:test.day3@6d763516]" started-at="2024-04-20T17:06:38 IST" name="beforeMethod" finished-at="2024-04-20T17:06:38 IST" duration-ms="0" status="PASS">
          <reporter-output>
          </reporter-output>
        </test-method> <!-- beforeMethod -->
        <test-method signature="WebLogincarLoan(java.lang.String,java.lang.String)[pri:0, instance:test.day3@6d763516]" started-at="2024-04-20T17:06:38 IST" name="WebLogincarLoan" finished-at="2024-04-20T17:06:38 IST" duration-ms="2" status="PASS">
          <params>
            <param index="0">
              <value>
                <![CDATA[carloan.com]]>
              </value>
            </param>
            <param index="1">
              <value>
                <![CDATA[123456]]>
              </value>
            </param>
          </params>
          <reporter-output>
          </reporter-output>
        </test-method> <!-- WebLogincarLoan -->
        <test-method is-config="true" signature="afterMethod()[pri:0, instance:test.day3@6d763516]" started-at="2024-04-20T17:06:38 IST" name="afterMethod" finished-at="2024-04-20T17:06:38 IST" duration-ms="1" status="PASS">
          <reporter-output>
          </reporter-output>
        </test-method> <!-- afterMethod -->
        <test-method is-config="true" signature="afterClass()[pri:0, instance:test.day3@6d763516]" started-at="2024-04-20T17:06:38 IST" name="afterClass" finished-at="2024-04-20T17:06:38 IST" duration-ms="0" status="PASS">
          <reporter-output>
          </reporter-output>
        </test-method> <!-- afterClass -->
      </class> <!-- test.day3 -->
      <class name="test.day1">
        <test-method is-config="true" signature="afterSuite()[pri:0, instance:test.day1@72f926e6]" started-at="2024-04-20T17:06:38 IST" name="afterSuite" finished-at="2024-04-20T17:06:38 IST" duration-ms="1" status="PASS">
          <reporter-output>
          </reporter-output>
        </test-method> <!-- afterSuite -->
      </class> <!-- test.day1 -->
    </test> <!-- Car Loan -->
    <test started-at="2024-04-20T17:06:38 IST" name="Personal Loan" finished-at="2024-04-20T17:06:38 IST" duration-ms="67">
      <class name="test.day4">
        <test-method signature="LoginAPIHomeLoan()[pri:0, instance:test.day4@647e447]" started-at="2024-04-20T17:06:38 IST" name="LoginAPIHomeLoan" finished-at="2024-04-20T17:06:38 IST" duration-ms="1" status="PASS">
          <reporter-output>
          </reporter-output>
        </test-method> <!-- LoginAPIHomeLoan -->
        <test-method signature="MobileLoginHomeLoan()[pri:0, instance:test.day4@647e447]" started-at="2024-04-20T17:06:38 IST" name="MobileLoginHomeLoan" finished-at="2024-04-20T17:06:38 IST" duration-ms="2" status="PASS">
          <reporter-output>
          </reporter-output>
        </test-method> <!-- MobileLoginHomeLoan -->
        <test-method signature="WebLoginHomeLoan(java.lang.String)[pri:0, instance:test.day4@647e447]" started-at="2024-04-20T17:06:38 IST" name="WebLoginHomeLoan" finished-at="2024-04-20T17:06:38 IST" duration-ms="1" status="PASS">
          <params>
            <param index="0">
              <value>
                <![CDATA[personalLoan.com]]>
              </value>
            </param>
          </params>
          <reporter-output>
          </reporter-output>
        </test-method> <!-- WebLoginHomeLoan -->
      </class> <!-- test.day4 -->
      <class name="test.day2">
        <test-method is-config="true" signature="prerequiste()[pri:0, instance:test.day2@3427b02d]" started-at="2024-04-20T17:06:38 IST" name="prerequiste" finished-at="2024-04-20T17:06:38 IST" duration-ms="0" status="PASS">
          <reporter-output>
          </reporter-output>
        </test-method> <!-- prerequiste -->
        <test-method signature="fourthDemo()[pri:0, instance:test.day2@3427b02d]" started-at="2024-04-20T17:06:38 IST" name="fourthDemo" finished-at="2024-04-20T17:06:38 IST" duration-ms="2" status="PASS">
          <reporter-output>
          </reporter-output>
        </test-method> <!-- fourthDemo -->
        <test-method signature="thirdDemo()[pri:0, instance:test.day2@3427b02d]" started-at="2024-04-20T17:06:38 IST" name="thirdDemo" finished-at="2024-04-20T17:06:38 IST" duration-ms="1" status="PASS">
          <reporter-output>
          </reporter-output>
        </test-method> <!-- thirdDemo -->
      </class> <!-- test.day2 -->
      <class name="test.day1">
        <test-method signature="demo()[pri:0, instance:test.day1@72f926e6]" started-at="2024-04-20T17:06:38 IST" name="demo" finished-at="2024-04-20T17:06:38 IST" duration-ms="10" status="FAIL">
          <exception class="java.lang.AssertionError">
            <message>
              <![CDATA[expected [true] but found [false]]]>
            </message>
            <full-stacktrace>
              <![CDATA[java.lang.AssertionError: expected [true] but found [false]
at org.testng.Assert.fail(Assert.java:99)
at org.testng.Assert.failNotEquals(Assert.java:1037)
at org.testng.Assert.assertTrue(Assert.java:45)
at org.testng.Assert.assertTrue(Assert.java:55)
at test.day1.demo(day1.java:18)
at java.base/jdk.internal.reflect.NativeMethodAccessorImpl.invoke0(Native Method)
at java.base/jdk.internal.reflect.NativeMethodAccessorImpl.invoke(NativeMethodAccessorImpl.java:77)
at java.base/jdk.internal.reflect.DelegatingMethodAccessorImpl.invoke(DelegatingMethodAccessorImpl.java:43)
at java.base/java.lang.reflect.Method.invoke(Method.java:568)
at org.testng.internal.MethodInvocationHelper.invokeMethod(MethodInvocationHelper.java:133)
at org.testng.internal.TestInvoker.invokeMethod(TestInvoker.java:598)
at org.testng.internal.TestInvoker.invokeTestMethod(TestInvoker.java:173)
at org.testng.internal.MethodRunner.runInSequence(MethodRunner.java:46)
at org.testng.internal.TestInvoker$MethodInvocationAgent.invoke(TestInvoker.java:824)
at org.testng.internal.TestInvoker.invokeTestMethods(TestInvoker.java:146)
at org.testng.internal.TestMethodWorker.invokeTestMethods(TestMethodWorker.java:146)
at org.testng.internal.TestMethodWorker.run(TestMethodWorker.java:128)
at java.base/java.util.ArrayList.forEach(ArrayList.java:1511)
at org.testng.TestRunner.privateRun(TestRunner.java:794)
at org.testng.TestRunner.run(TestRunner.java:596)
at org.testng.SuiteRunner.runTest(SuiteRunner.java:377)
at org.testng.SuiteRunner.access$000(SuiteRunner.java:28)
at org.testng.SuiteRunner$SuiteWorker.run(SuiteRunner.java:418)
at org.testng.internal.thread.ThreadUtil.lambda$execute$0(ThreadUtil.java:64)
at java.base/java.util.concurrent.FutureTask.run(FutureTask.java:264)
at java.base/java.util.concurrent.ThreadPoolExecutor.runWorker(ThreadPoolExecutor.java:1136)
at java.base/java.util.concurrent.ThreadPoolExecutor$Worker.run(ThreadPoolExecutor.java:635)
at java.base/java.lang.Thread.run(Thread.java:833)
]]>
            </full-stacktrace>
          </exception> <!-- java.lang.AssertionError -->
          <reporter-output>
          </reporter-output>
        </test-method> <!-- demo -->
        <test-method is-config="true" signature="prerequiste()[pri:0, instance:test.day1@72f926e6]" started-at="2024-04-20T17:06:38 IST" name="prerequiste" finished-at="2024-04-20T17:06:38 IST" duration-ms="1" status="PASS">
          <reporter-output>
          </reporter-output>
        </test-method> <!-- prerequiste -->
      </class> <!-- test.day1 -->
    </test> <!-- Personal Loan -->
  </suite> <!-- Loan Department -->
</testng-results>
